# JRE version: Java(TM) SE Runtime Environment (22.0.1+8) (build 22.0.1+8-16)
# Java VM: Java HotSpot(TM) 64-Bit Server VM (22.0.1+8-16, mixed mode, sharing, tiered, compressed oops, compressed class ptrs, g1 gc, windows-amd64)
GC Precious Log:
 CardTable entry size: 512
 Card Set container configuration: InlinePtr #cards 5 size 8 Array Of Cards #cards 12 size 40 Howl #buckets 4 coarsen threshold 1843 Howl Bitmap #cards 512 size 80 coarsen threshold 460 Card regions per heap region 1 cards per card region 2048
 CPUs: 8 total, 8 available
 Memory: 5845M
 Large Page Support: Disabled
 NUMA Support: Disabled
 Compressed Oops: Enabled (32-bit)
 Heap Region Size: 1M
 Heap Min Capacity: 8M
 Heap Initial Capacity: 92M
 Heap Max Capacity: 1462M
 Pre-touch: Disabled
 Parallel Workers: 8
 Concurrent Workers: 2
 Concurrent Refinement Workers: 8
 Periodic GC: Disabled
Heap:
 garbage-first heap   total reserved 1497088K, committed 446464K, used 253899K [0x00000000a4a00000, 0x0000000100000000)
  region size 1024K, 56 young (57344K), 10 survivors (10240K)
 Metaspace       used 90090K, committed 91008K, reserved 1179648K
  class space    used 12758K, committed 13184K, reserved 1048576K
GC Heap History (20 events):
Event: 20.140 GC heap before
{Heap before GC invocations=33 (full 0):
 garbage-first heap   total reserved 1497088K, committed 108544K, used 94445K [0x00000000a4a00000, 0x0000000100000000)
  region size 1024K, 24 young (24576K), 4 survivors (4096K)
 Metaspace       used 75495K, committed 76224K, reserved 1114112K
  class space    used 10649K, committed 10944K, reserved 1048576K
}
Event: 20.149 GC heap after
{Heap after GC invocations=34 (full 0):
 garbage-first heap   total reserved 1497088K, committed 108544K, used 81352K [0x00000000a4a00000, 0x0000000100000000)
  region size 1024K, 3 young (3072K), 3 survivors (3072K)
 Metaspace       used 75495K, committed 76224K, reserved 1114112K
  class space    used 10649K, committed 10944K, reserved 1048576K
}
Event: 20.196 GC heap before
{Heap before GC invocations=34 (full 0):
 garbage-first heap   total reserved 1497088K, committed 108544K, used 96712K [0x00000000a4a00000, 0x0000000100000000)
  region size 1024K, 17 young (17408K), 3 survivors (3072K)
 Metaspace       used 75495K, committed 76224K, reserved 1114112K
  class space    used 10649K, committed 10944K, reserved 1048576K
}
Event: 20.206 GC heap after
{Heap after GC invocations=35 (full 0):
 garbage-first heap   total reserved 1497088K, committed 217088K, used 88064K [0x00000000a4a00000, 0x0000000100000000)
  region size 1024K, 3 young (3072K), 3 survivors (3072K)
 Metaspace       used 75495K, committed 76224K, reserved 1114112K
  class space    used 10649K, committed 10944K, reserved 1048576K
}
Event: 20.468 GC heap before
{Heap before GC invocations=36 (full 0):
 garbage-first heap   total reserved 1497088K, committed 217088K, used 171008K [0x00000000a4a00000, 0x0000000100000000)
  region size 1024K, 85 young (87040K), 3 survivors (3072K)
 Metaspace       used 75506K, committed 76224K, reserved 1114112K
  class space    used 10649K, committed 10944K, reserved 1048576K
}
Event: 20.494 GC heap after
{Heap after GC invocations=37 (full 0):
 garbage-first heap   total reserved 1497088K, committed 217088K, used 115582K [0x00000000a4a00000, 0x0000000100000000)
  region size 1024K, 11 young (11264K), 11 survivors (11264K)
 Metaspace       used 75506K, committed 76224K, reserved 1114112K
  class space    used 10649K, committed 10944K, reserved 1048576K
}
Event: 20.607 GC heap before
{Heap before GC invocations=37 (full 0):
 garbage-first heap   total reserved 1497088K, committed 217088K, used 174974K [0x00000000a4a00000, 0x0000000100000000)
  region size 1024K, 69 young (70656K), 11 survivors (11264K)
 Metaspace       used 75508K, committed 76224K, reserved 1114112K
  class space    used 10649K, committed 10944K, reserved 1048576K
}
Event: 20.624 GC heap after
{Heap after GC invocations=38 (full 0):
 garbage-first heap   total reserved 1497088K, committed 217088K, used 123631K [0x00000000a4a00000, 0x0000000100000000)
  region size 1024K, 9 young (9216K), 9 survivors (9216K)
 Metaspace       used 75508K, committed 76224K, reserved 1114112K
  class space    used 10649K, committed 10944K, reserved 1048576K
}
Event: 20.663 GC heap before
{Heap before GC invocations=38 (full 0):
 garbage-first heap   total reserved 1497088K, committed 217088K, used 146159K [0x00000000a4a00000, 0x0000000100000000)
  region size 1024K, 32 young (32768K), 9 survivors (9216K)
 Metaspace       used 75508K, committed 76224K, reserved 1114112K
  class space    used 10649K, committed 10944K, reserved 1048576K
}
Event: 20.676 GC heap after
{Heap after GC invocations=39 (full 0):
 garbage-first heap   total reserved 1497088K, committed 217088K, used 134144K [0x00000000a4a00000, 0x0000000100000000)
  region size 1024K, 9 young (9216K), 9 survivors (9216K)
 Metaspace       used 75508K, committed 76224K, reserved 1114112K
  class space    used 10649K, committed 10944K, reserved 1048576K
}
Event: 20.916 GC heap before
{Heap before GC invocations=40 (full 0):
 garbage-first heap   total reserved 1497088K, committed 217088K, used 176128K [0x00000000a4a00000, 0x0000000100000000)
  region size 1024K, 59 young (60416K), 9 survivors (9216K)
 Metaspace       used 75508K, committed 76224K, reserved 1114112K
  class space    used 10649K, committed 10944K, reserved 1048576K
}
Event: 20.962 GC heap after
{Heap after GC invocations=41 (full 0):
 garbage-first heap   total reserved 1497088K, committed 217088K, used 145908K [0x00000000a4a00000, 0x0000000100000000)
  region size 1024K, 8 young (8192K), 8 survivors (8192K)
 Metaspace       used 75508K, committed 76224K, reserved 1114112K
  class space    used 10649K, committed 10944K, reserved 1048576K
}
Event: 21.133 GC heap before
{Heap before GC invocations=41 (full 0):
 garbage-first heap   total reserved 1497088K, committed 217088K, used 184820K [0x00000000a4a00000, 0x0000000100000000)
  region size 1024K, 46 young (47104K), 8 survivors (8192K)
 Metaspace       used 75508K, committed 76224K, reserved 1114112K
  class space    used 10649K, committed 10944K, reserved 1048576K
}
Event: 21.205 GC heap after
{Heap after GC invocations=42 (full 0):
 garbage-first heap   total reserved 1497088K, committed 446464K, used 141824K [0x00000000a4a00000, 0x0000000100000000)
  region size 1024K, 6 young (6144K), 6 survivors (6144K)
 Metaspace       used 75508K, committed 76224K, reserved 1114112K
  class space    used 10649K, committed 10944K, reserved 1048576K
}
Event: 22.400 GC heap before
{Heap before GC invocations=42 (full 0):
 garbage-first heap   total reserved 1497088K, committed 446464K, used 293376K [0x00000000a4a00000, 0x0000000100000000)
  region size 1024K, 151 young (154624K), 6 survivors (6144K)
 Metaspace       used 75916K, committed 76672K, reserved 1179648K
  class space    used 10752K, committed 11072K, reserved 1048576K
}
Event: 22.464 GC heap after
{Heap after GC invocations=43 (full 0):
 garbage-first heap   total reserved 1497088K, committed 446464K, used 165888K [0x00000000a4a00000, 0x0000000100000000)
  region size 1024K, 19 young (19456K), 19 survivors (19456K)
 Metaspace       used 75916K, committed 76672K, reserved 1179648K
  class space    used 10752K, committed 11072K, reserved 1048576K
}
Event: 24.167 GC heap before
{Heap before GC invocations=43 (full 0):
 garbage-first heap   total reserved 1497088K, committed 446464K, used 311296K [0x00000000a4a00000, 0x0000000100000000)
  region size 1024K, 160 young (163840K), 19 survivors (19456K)
 Metaspace       used 79154K, committed 79936K, reserved 1179648K
  class space    used 11107K, committed 11456K, reserved 1048576K
}
Event: 24.226 GC heap after
{Heap after GC invocations=44 (full 0):
 garbage-first heap   total reserved 1497088K, committed 446464K, used 195584K [0x00000000a4a00000, 0x0000000100000000)
  region size 1024K, 20 young (20480K), 20 survivors (20480K)
 Metaspace       used 79154K, committed 79936K, reserved 1179648K
  class space    used 11107K, committed 11456K, reserved 1048576K
}
Event: 47.135 GC heap before
{Heap before GC invocations=44 (full 0):
 garbage-first heap   total reserved 1497088K, committed 446464K, used 333824K [0x00000000a4a00000, 0x0000000100000000)
  region size 1024K, 155 young (158720K), 20 survivors (20480K)
 Metaspace       used 88613K, committed 89536K, reserved 1179648K
  class space    used 12546K, committed 12992K, reserved 1048576K
}
Event: 47.189 GC heap after
{Heap after GC invocations=45 (full 0):
 garbage-first heap   total reserved 1497088K, committed 446464K, used 207819K [0x00000000a4a00000, 0x0000000100000000)
  region size 1024K, 10 young (10240K), 10 survivors (10240K)
 Metaspace       used 88613K, committed 89536K, reserved 1179648K
  class space    used 12546K, committed 12992K, reserved 1048576K
}

